<?xml version="1.0" encoding="UTF-8"?>
<testsuite xmlns:xsi="http://www.w3.org/2001/XMLSchema-instance" xsi:noNamespaceSchemaLocation="https://maven.apache.org/surefire/maven-surefire-plugin/xsd/surefire-test-report.xsd" name="TestSuite" time="20.087" tests="11" errors="0" skipped="0" failures="0">
  <properties>
    <property name="java.specification.version" value="17"/>
    <property name="sun.cpu.isalist" value="amd64"/>
    <property name="sun.jnu.encoding" value="Cp1252"/>
    <property name="java.class.path" value="d:\sara\APITask\target\test-classes;d:\sara\APITask\target\classes;C:\Users\eng_s\.m2\repository\io\rest-assured\json-schema-validator\5.2.0\json-schema-validator-5.2.0.jar;C:\Users\eng_s\.m2\repository\com\github\java-json-tools\json-schema-validator\2.2.14\json-schema-validator-2.2.14.jar;C:\Users\eng_s\.m2\repository\com\github\java-json-tools\jackson-coreutils-equivalence\1.0\jackson-coreutils-equivalence-1.0.jar;C:\Users\eng_s\.m2\repository\com\github\java-json-tools\jackson-coreutils\2.0\jackson-coreutils-2.0.jar;C:\Users\eng_s\.m2\repository\com\github\java-json-tools\msg-simple\1.2\msg-simple-1.2.jar;C:\Users\eng_s\.m2\repository\com\github\java-json-tools\btf\1.3\btf-1.3.jar;C:\Users\eng_s\.m2\repository\com\github\java-json-tools\json-schema-core\1.2.14\json-schema-core-1.2.14.jar;C:\Users\eng_s\.m2\repository\com\github\java-json-tools\uri-template\0.10\uri-template-0.10.jar;C:\Users\eng_s\.m2\repository\org\mozilla\rhino\1.7.7.2\rhino-1.7.7.2.jar;C:\Users\eng_s\.m2\repository\com\sun\mail\mailapi\1.6.2\mailapi-1.6.2.jar;C:\Users\eng_s\.m2\repository\joda-time\joda-time\2.10.5\joda-time-2.10.5.jar;C:\Users\eng_s\.m2\repository\com\googlecode\libphonenumber\libphonenumber\8.11.1\libphonenumber-8.11.1.jar;C:\Users\eng_s\.m2\repository\net\sf\jopt-simple\jopt-simple\5.0.4\jopt-simple-5.0.4.jar;C:\Users\eng_s\.m2\repository\org\hamcrest\hamcrest\2.1\hamcrest-2.1.jar;C:\Users\eng_s\.m2\repository\io\rest-assured\rest-assured-all\5.2.0\rest-assured-all-5.2.0.jar;C:\Users\eng_s\.m2\repository\org\apache\groovy\groovy\4.0.1\groovy-4.0.1.jar;C:\Users\eng_s\.m2\repository\org\apache\commons\commons-lang3\3.11\commons-lang3-3.11.jar;C:\Users\eng_s\.m2\repository\org\apache\groovy\groovy-xml\4.0.1\groovy-xml-4.0.1.jar;C:\Users\eng_s\.m2\repository\org\ccil\cowan\tagsoup\tagsoup\1.2.1\tagsoup-1.2.1.jar;C:\Users\eng_s\.m2\repository\org\apache\groovy\groovy-json\4.0.1\groovy-json-4.0.1.jar;C:\Users\eng_s\.m2\repository\com\googlecode\json-simple\json-simple\1.1.1\json-simple-1.1.1.jar;C:\Users\eng_s\.m2\repository\junit\junit\4.10\junit-4.10.jar;C:\Users\eng_s\.m2\repository\org\hamcrest\hamcrest-core\1.1\hamcrest-core-1.1.jar;C:\Users\eng_s\.m2\repository\org\testng\testng\7.11.0\testng-7.11.0.jar;C:\Users\eng_s\.m2\repository\org\jcommander\jcommander\1.83\jcommander-1.83.jar;C:\Users\eng_s\.m2\repository\org\webjars\jquery\3.7.1\jquery-3.7.1.jar;C:\Users\eng_s\.m2\repository\org\slf4j\slf4j-api\2.0.3\slf4j-api-2.0.3.jar;C:\Users\eng_s\.m2\repository\io\rest-assured\rest-assured\5.2.0\rest-assured-5.2.0.jar;C:\Users\eng_s\.m2\repository\org\apache\httpcomponents\httpclient\4.5.13\httpclient-4.5.13.jar;C:\Users\eng_s\.m2\repository\org\apache\httpcomponents\httpcore\4.4.13\httpcore-4.4.13.jar;C:\Users\eng_s\.m2\repository\commons-logging\commons-logging\1.2\commons-logging-1.2.jar;C:\Users\eng_s\.m2\repository\commons-codec\commons-codec\1.11\commons-codec-1.11.jar;C:\Users\eng_s\.m2\repository\org\apache\httpcomponents\httpmime\4.5.13\httpmime-4.5.13.jar;C:\Users\eng_s\.m2\repository\io\rest-assured\json-path\5.2.0\json-path-5.2.0.jar;C:\Users\eng_s\.m2\repository\io\rest-assured\rest-assured-common\5.2.0\rest-assured-common-5.2.0.jar;C:\Users\eng_s\.m2\repository\io\rest-assured\xml-path\5.2.0\xml-path-5.2.0.jar;C:\Users\eng_s\.m2\repository\org\seleniumhq\selenium\selenium-java\4.35.0\selenium-java-4.35.0.jar;C:\Users\eng_s\.m2\repository\org\seleniumhq\selenium\selenium-api\4.35.0\selenium-api-4.35.0.jar;C:\Users\eng_s\.m2\repository\org\jspecify\jspecify\1.0.0\jspecify-1.0.0.jar;C:\Users\eng_s\.m2\repository\org\seleniumhq\selenium\selenium-chrome-driver\4.35.0\selenium-chrome-driver-4.35.0.jar;C:\Users\eng_s\.m2\repository\com\google\auto\service\auto-service-annotations\1.1.1\auto-service-annotations-1.1.1.jar;C:\Users\eng_s\.m2\repository\org\seleniumhq\selenium\selenium-chromium-driver\4.35.0\selenium-chromium-driver-4.35.0.jar;C:\Users\eng_s\.m2\repository\org\seleniumhq\selenium\selenium-json\4.35.0\selenium-json-4.35.0.jar;C:\Users\eng_s\.m2\repository\org\seleniumhq\selenium\selenium-manager\4.35.0\selenium-manager-4.35.0.jar;C:\Users\eng_s\.m2\repository\org\seleniumhq\selenium\selenium-devtools-v137\4.35.0\selenium-devtools-v137-4.35.0.jar;C:\Users\eng_s\.m2\repository\org\seleniumhq\selenium\selenium-devtools-v138\4.35.0\selenium-devtools-v138-4.35.0.jar;C:\Users\eng_s\.m2\repository\org\seleniumhq\selenium\selenium-devtools-v139\4.35.0\selenium-devtools-v139-4.35.0.jar;C:\Users\eng_s\.m2\repository\org\seleniumhq\selenium\selenium-edge-driver\4.35.0\selenium-edge-driver-4.35.0.jar;C:\Users\eng_s\.m2\repository\org\seleniumhq\selenium\selenium-firefox-driver\4.35.0\selenium-firefox-driver-4.35.0.jar;C:\Users\eng_s\.m2\repository\org\seleniumhq\selenium\selenium-http\4.35.0\selenium-http-4.35.0.jar;C:\Users\eng_s\.m2\repository\org\seleniumhq\selenium\selenium-ie-driver\4.35.0\selenium-ie-driver-4.35.0.jar;C:\Users\eng_s\.m2\repository\org\seleniumhq\selenium\selenium-remote-driver\4.35.0\selenium-remote-driver-4.35.0.jar;C:\Users\eng_s\.m2\repository\io\opentelemetry\opentelemetry-api\1.53.0\opentelemetry-api-1.53.0.jar;C:\Users\eng_s\.m2\repository\io\opentelemetry\opentelemetry-context\1.53.0\opentelemetry-context-1.53.0.jar;C:\Users\eng_s\.m2\repository\io\opentelemetry\opentelemetry-common\1.53.0\opentelemetry-common-1.53.0.jar;C:\Users\eng_s\.m2\repository\io\opentelemetry\opentelemetry-exporter-logging\1.53.0\opentelemetry-exporter-logging-1.53.0.jar;C:\Users\eng_s\.m2\repository\io\opentelemetry\opentelemetry-sdk-common\1.53.0\opentelemetry-sdk-common-1.53.0.jar;C:\Users\eng_s\.m2\repository\io\opentelemetry\opentelemetry-sdk-extension-autoconfigure-spi\1.53.0\opentelemetry-sdk-extension-autoconfigure-spi-1.53.0.jar;C:\Users\eng_s\.m2\repository\io\opentelemetry\opentelemetry-sdk-extension-autoconfigure\1.53.0\opentelemetry-sdk-extension-autoconfigure-1.53.0.jar;C:\Users\eng_s\.m2\repository\io\opentelemetry\opentelemetry-sdk-trace\1.53.0\opentelemetry-sdk-trace-1.53.0.jar;C:\Users\eng_s\.m2\repository\io\opentelemetry\opentelemetry-sdk\1.53.0\opentelemetry-sdk-1.53.0.jar;C:\Users\eng_s\.m2\repository\io\opentelemetry\opentelemetry-sdk-metrics\1.53.0\opentelemetry-sdk-metrics-1.53.0.jar;C:\Users\eng_s\.m2\repository\io\opentelemetry\opentelemetry-sdk-logs\1.53.0\opentelemetry-sdk-logs-1.53.0.jar;C:\Users\eng_s\.m2\repository\net\bytebuddy\byte-buddy\1.17.6\byte-buddy-1.17.6.jar;C:\Users\eng_s\.m2\repository\org\seleniumhq\selenium\selenium-os\4.35.0\selenium-os-4.35.0.jar;C:\Users\eng_s\.m2\repository\org\apache\commons\commons-exec\1.5.0\commons-exec-1.5.0.jar;C:\Users\eng_s\.m2\repository\org\seleniumhq\selenium\selenium-safari-driver\4.35.0\selenium-safari-driver-4.35.0.jar;C:\Users\eng_s\.m2\repository\org\seleniumhq\selenium\selenium-support\4.35.0\selenium-support-4.35.0.jar;C:\Users\eng_s\.m2\repository\io\github\bonigarcia\webdrivermanager\5.3.0\webdrivermanager-5.3.0.jar;C:\Users\eng_s\.m2\repository\com\google\code\gson\gson\2.9.1\gson-2.9.1.jar;C:\Users\eng_s\.m2\repository\com\github\docker-java\docker-java-transport-httpclient5\3.2.13\docker-java-transport-httpclient5-3.2.13.jar;C:\Users\eng_s\.m2\repository\com\github\docker-java\docker-java-transport\3.2.13\docker-java-transport-3.2.13.jar;C:\Users\eng_s\.m2\repository\net\java\dev\jna\jna\5.8.0\jna-5.8.0.jar;C:\Users\eng_s\.m2\repository\org\brotli\dec\0.1.2\dec-0.1.2.jar;C:\Users\eng_s\.m2\repository\org\apache\httpcomponents\client5\httpclient5\5.1.3\httpclient5-5.1.3.jar;C:\Users\eng_s\.m2\repository\org\apache\httpcomponents\core5\httpcore5\5.1.3\httpcore5-5.1.3.jar;C:\Users\eng_s\.m2\repository\org\apache\httpcomponents\core5\httpcore5-h2\5.1.3\httpcore5-h2-5.1.3.jar;C:\Users\eng_s\.m2\repository\com\google\guava\guava\31.1-jre\guava-31.1-jre.jar;C:\Users\eng_s\.m2\repository\com\google\guava\failureaccess\1.0.1\failureaccess-1.0.1.jar;C:\Users\eng_s\.m2\repository\com\google\guava\listenablefuture\9999.0-empty-to-avoid-conflict-with-guava\listenablefuture-9999.0-empty-to-avoid-conflict-with-guava.jar;C:\Users\eng_s\.m2\repository\com\google\code\findbugs\jsr305\3.0.2\jsr305-3.0.2.jar;C:\Users\eng_s\.m2\repository\org\checkerframework\checker-qual\3.12.0\checker-qual-3.12.0.jar;C:\Users\eng_s\.m2\repository\com\google\errorprone\error_prone_annotations\2.11.0\error_prone_annotations-2.11.0.jar;C:\Users\eng_s\.m2\repository\com\google\j2objc\j2objc-annotations\1.3\j2objc-annotations-1.3.jar;C:\Users\eng_s\.m2\repository\io\cucumber\cucumber-java\7.8.1\cucumber-java-7.8.1.jar;C:\Users\eng_s\.m2\repository\org\apiguardian\apiguardian-api\1.1.2\apiguardian-api-1.1.2.jar;C:\Users\eng_s\.m2\repository\io\cucumber\cucumber-testng\7.8.1\cucumber-testng-7.8.1.jar;C:\Users\eng_s\.m2\repository\io\cucumber\cucumber-core\7.8.1\cucumber-core-7.8.1.jar;C:\Users\eng_s\.m2\repository\io\cucumber\cucumber-gherkin\7.8.1\cucumber-gherkin-7.8.1.jar;C:\Users\eng_s\.m2\repository\io\cucumber\cucumber-gherkin-messages\7.8.1\cucumber-gherkin-messages-7.8.1.jar;C:\Users\eng_s\.m2\repository\io\cucumber\gherkin\24.0.0\gherkin-24.0.0.jar;C:\Users\eng_s\.m2\repository\io\cucumber\messages\19.1.4\messages-19.1.4.jar;C:\Users\eng_s\.m2\repository\io\cucumber\tag-expressions\4.1.0\tag-expressions-4.1.0.jar;C:\Users\eng_s\.m2\repository\io\cucumber\cucumber-expressions\16.0.0\cucumber-expressions-16.0.0.jar;C:\Users\eng_s\.m2\repository\io\cucumber\datatable\7.8.1\datatable-7.8.1.jar;C:\Users\eng_s\.m2\repository\io\cucumber\cucumber-plugin\7.8.1\cucumber-plugin-7.8.1.jar;C:\Users\eng_s\.m2\repository\io\cucumber\docstring\7.8.1\docstring-7.8.1.jar;C:\Users\eng_s\.m2\repository\io\cucumber\html-formatter\20.1.0\html-formatter-20.1.0.jar;C:\Users\eng_s\.m2\repository\io\cucumber\ci-environment\9.1.0\ci-environment-9.1.0.jar;C:\Users\eng_s\.m2\repository\com\github\docker-java\docker-java\3.6.0\docker-java-3.6.0.jar;C:\Users\eng_s\.m2\repository\com\github\docker-java\docker-java-core\3.6.0\docker-java-core-3.6.0.jar;C:\Users\eng_s\.m2\repository\com\github\docker-java\docker-java-api\3.6.0\docker-java-api-3.6.0.jar;C:\Users\eng_s\.m2\repository\com\fasterxml\jackson\core\jackson-annotations\2.19.2\jackson-annotations-2.19.2.jar;C:\Users\eng_s\.m2\repository\commons-io\commons-io\2.20.0\commons-io-2.20.0.jar;C:\Users\eng_s\.m2\repository\org\apache\commons\commons-compress\1.28.0\commons-compress-1.28.0.jar;C:\Users\eng_s\.m2\repository\com\fasterxml\jackson\core\jackson-databind\2.19.2\jackson-databind-2.19.2.jar;C:\Users\eng_s\.m2\repository\com\fasterxml\jackson\core\jackson-core\2.19.2\jackson-core-2.19.2.jar;C:\Users\eng_s\.m2\repository\org\bouncycastle\bcpkix-jdk18on\1.81\bcpkix-jdk18on-1.81.jar;C:\Users\eng_s\.m2\repository\org\bouncycastle\bcutil-jdk18on\1.81\bcutil-jdk18on-1.81.jar;C:\Users\eng_s\.m2\repository\org\bouncycastle\bcprov-jdk18on\1.81\bcprov-jdk18on-1.81.jar;C:\Users\eng_s\.m2\repository\com\github\docker-java\docker-java-transport-jersey\3.6.0\docker-java-transport-jersey-3.6.0.jar;C:\Users\eng_s\.m2\repository\org\glassfish\jersey\connectors\jersey-apache-connector\2.47\jersey-apache-connector-2.47.jar;C:\Users\eng_s\.m2\repository\org\glassfish\jersey\core\jersey-common\2.47\jersey-common-2.47.jar;C:\Users\eng_s\.m2\repository\jakarta\annotation\jakarta.annotation-api\1.3.5\jakarta.annotation-api-1.3.5.jar;C:\Users\eng_s\.m2\repository\org\glassfish\hk2\osgi-resource-locator\1.0.3\osgi-resource-locator-1.0.3.jar;C:\Users\eng_s\.m2\repository\jakarta\ws\rs\jakarta.ws.rs-api\2.1.6\jakarta.ws.rs-api-2.1.6.jar;C:\Users\eng_s\.m2\repository\org\glassfish\jersey\core\jersey-client\2.47\jersey-client-2.47.jar;C:\Users\eng_s\.m2\repository\org\glassfish\hk2\external\jakarta.inject\2.6.1\jakarta.inject-2.6.1.jar;C:\Users\eng_s\.m2\repository\org\glassfish\jersey\inject\jersey-hk2\2.47\jersey-hk2-2.47.jar;C:\Users\eng_s\.m2\repository\org\glassfish\hk2\hk2-locator\2.6.1\hk2-locator-2.6.1.jar;C:\Users\eng_s\.m2\repository\org\glassfish\hk2\external\aopalliance-repackaged\2.6.1\aopalliance-repackaged-2.6.1.jar;C:\Users\eng_s\.m2\repository\org\glassfish\hk2\hk2-api\2.6.1\hk2-api-2.6.1.jar;C:\Users\eng_s\.m2\repository\org\glassfish\hk2\hk2-utils\2.6.1\hk2-utils-2.6.1.jar;C:\Users\eng_s\.m2\repository\org\javassist\javassist\3.30.2-GA\javassist-3.30.2-GA.jar;C:\Users\eng_s\.m2\repository\com\kohlschutter\junixsocket\junixsocket-common\2.10.1\junixsocket-common-2.10.1.jar;C:\Users\eng_s\.m2\repository\com\kohlschutter\junixsocket\junixsocket-native-common\2.10.1\junixsocket-native-common-2.10.1.jar;C:\Users\eng_s\.m2\repository\com\github\docker-java\docker-java-transport-netty\3.6.0\docker-java-transport-netty-3.6.0.jar;C:\Users\eng_s\.m2\repository\io\netty\netty-codec-http\4.2.4.Final\netty-codec-http-4.2.4.Final.jar;C:\Users\eng_s\.m2\repository\io\netty\netty-common\4.2.4.Final\netty-common-4.2.4.Final.jar;C:\Users\eng_s\.m2\repository\io\netty\netty-buffer\4.2.4.Final\netty-buffer-4.2.4.Final.jar;C:\Users\eng_s\.m2\repository\io\netty\netty-transport\4.2.4.Final\netty-transport-4.2.4.Final.jar;C:\Users\eng_s\.m2\repository\io\netty\netty-codec-base\4.2.4.Final\netty-codec-base-4.2.4.Final.jar;C:\Users\eng_s\.m2\repository\io\netty\netty-codec-compression\4.2.4.Final\netty-codec-compression-4.2.4.Final.jar;C:\Users\eng_s\.m2\repository\io\netty\netty-handler\4.2.4.Final\netty-handler-4.2.4.Final.jar;C:\Users\eng_s\.m2\repository\io\netty\netty-resolver\4.2.4.Final\netty-resolver-4.2.4.Final.jar;C:\Users\eng_s\.m2\repository\io\netty\netty-transport-native-unix-common\4.2.4.Final\netty-transport-native-unix-common-4.2.4.Final.jar;C:\Users\eng_s\.m2\repository\io\netty\netty-handler-proxy\4.2.4.Final\netty-handler-proxy-4.2.4.Final.jar;C:\Users\eng_s\.m2\repository\io\netty\netty-codec-socks\4.2.4.Final\netty-codec-socks-4.2.4.Final.jar;C:\Users\eng_s\.m2\repository\io\netty\netty-transport-native-epoll\4.2.4.Final\netty-transport-native-epoll-4.2.4.Final-linux-x86_64.jar;C:\Users\eng_s\.m2\repository\io\netty\netty-transport-classes-epoll\4.2.4.Final\netty-transport-classes-epoll-4.2.4.Final.jar;C:\Users\eng_s\.m2\repository\io\netty\netty-transport-native-kqueue\4.2.4.Final\netty-transport-native-kqueue-4.2.4.Final-osx-x86_64.jar;C:\Users\eng_s\.m2\repository\io\netty\netty-transport-classes-kqueue\4.2.4.Final\netty-transport-classes-kqueue-4.2.4.Final.jar;C:\Users\eng_s\.m2\repository\org\slf4j\jcl-over-slf4j\1.7.30\jcl-over-slf4j-1.7.30.jar;C:\Users\eng_s\.m2\repository\io\cucumber\cucumber-junit\7.8.1\cucumber-junit-7.8.1.jar;"/>
    <property name="java.vm.vendor" value="Oracle Corporation"/>
    <property name="sun.arch.data.model" value="64"/>
    <property name="user.variant" value=""/>
    <property name="java.vendor.url" value="https://java.oracle.com/"/>
    <property name="user.timezone" value="Africa/Cairo"/>
    <property name="os.name" value="Windows 10"/>
    <property name="java.vm.specification.version" value="17"/>
    <property name="sun.java.launcher" value="SUN_STANDARD"/>
    <property name="user.country" value="GB"/>
    <property name="sun.boot.library.path" value="C:\Program Files\Java\jdk-17\bin"/>
    <property name="sun.java.command" value="C:\Users\eng_s\AppData\Local\Temp\surefire1321128179036039113\surefirebooter11514289362631932640.jar C:\Users\eng_s\AppData\Local\Temp\surefire1321128179036039113 2025-08-29T09-12-33_441-jvmRun1 surefire9804609278875038331tmp surefire_05652982728306450629tmp"/>
    <property name="jdk.debug" value="release"/>
    <property name="surefire.test.class.path" value="d:\sara\APITask\target\test-classes;d:\sara\APITask\target\classes;C:\Users\eng_s\.m2\repository\io\rest-assured\json-schema-validator\5.2.0\json-schema-validator-5.2.0.jar;C:\Users\eng_s\.m2\repository\com\github\java-json-tools\json-schema-validator\2.2.14\json-schema-validator-2.2.14.jar;C:\Users\eng_s\.m2\repository\com\github\java-json-tools\jackson-coreutils-equivalence\1.0\jackson-coreutils-equivalence-1.0.jar;C:\Users\eng_s\.m2\repository\com\github\java-json-tools\jackson-coreutils\2.0\jackson-coreutils-2.0.jar;C:\Users\eng_s\.m2\repository\com\github\java-json-tools\msg-simple\1.2\msg-simple-1.2.jar;C:\Users\eng_s\.m2\repository\com\github\java-json-tools\btf\1.3\btf-1.3.jar;C:\Users\eng_s\.m2\repository\com\github\java-json-tools\json-schema-core\1.2.14\json-schema-core-1.2.14.jar;C:\Users\eng_s\.m2\repository\com\github\java-json-tools\uri-template\0.10\uri-template-0.10.jar;C:\Users\eng_s\.m2\repository\org\mozilla\rhino\1.7.7.2\rhino-1.7.7.2.jar;C:\Users\eng_s\.m2\repository\com\sun\mail\mailapi\1.6.2\mailapi-1.6.2.jar;C:\Users\eng_s\.m2\repository\joda-time\joda-time\2.10.5\joda-time-2.10.5.jar;C:\Users\eng_s\.m2\repository\com\googlecode\libphonenumber\libphonenumber\8.11.1\libphonenumber-8.11.1.jar;C:\Users\eng_s\.m2\repository\net\sf\jopt-simple\jopt-simple\5.0.4\jopt-simple-5.0.4.jar;C:\Users\eng_s\.m2\repository\org\hamcrest\hamcrest\2.1\hamcrest-2.1.jar;C:\Users\eng_s\.m2\repository\io\rest-assured\rest-assured-all\5.2.0\rest-assured-all-5.2.0.jar;C:\Users\eng_s\.m2\repository\org\apache\groovy\groovy\4.0.1\groovy-4.0.1.jar;C:\Users\eng_s\.m2\repository\org\apache\commons\commons-lang3\3.11\commons-lang3-3.11.jar;C:\Users\eng_s\.m2\repository\org\apache\groovy\groovy-xml\4.0.1\groovy-xml-4.0.1.jar;C:\Users\eng_s\.m2\repository\org\ccil\cowan\tagsoup\tagsoup\1.2.1\tagsoup-1.2.1.jar;C:\Users\eng_s\.m2\repository\org\apache\groovy\groovy-json\4.0.1\groovy-json-4.0.1.jar;C:\Users\eng_s\.m2\repository\com\googlecode\json-simple\json-simple\1.1.1\json-simple-1.1.1.jar;C:\Users\eng_s\.m2\repository\junit\junit\4.10\junit-4.10.jar;C:\Users\eng_s\.m2\repository\org\hamcrest\hamcrest-core\1.1\hamcrest-core-1.1.jar;C:\Users\eng_s\.m2\repository\org\testng\testng\7.11.0\testng-7.11.0.jar;C:\Users\eng_s\.m2\repository\org\jcommander\jcommander\1.83\jcommander-1.83.jar;C:\Users\eng_s\.m2\repository\org\webjars\jquery\3.7.1\jquery-3.7.1.jar;C:\Users\eng_s\.m2\repository\org\slf4j\slf4j-api\2.0.3\slf4j-api-2.0.3.jar;C:\Users\eng_s\.m2\repository\io\rest-assured\rest-assured\5.2.0\rest-assured-5.2.0.jar;C:\Users\eng_s\.m2\repository\org\apache\httpcomponents\httpclient\4.5.13\httpclient-4.5.13.jar;C:\Users\eng_s\.m2\repository\org\apache\httpcomponents\httpcore\4.4.13\httpcore-4.4.13.jar;C:\Users\eng_s\.m2\repository\commons-logging\commons-logging\1.2\commons-logging-1.2.jar;C:\Users\eng_s\.m2\repository\commons-codec\commons-codec\1.11\commons-codec-1.11.jar;C:\Users\eng_s\.m2\repository\org\apache\httpcomponents\httpmime\4.5.13\httpmime-4.5.13.jar;C:\Users\eng_s\.m2\repository\io\rest-assured\json-path\5.2.0\json-path-5.2.0.jar;C:\Users\eng_s\.m2\repository\io\rest-assured\rest-assured-common\5.2.0\rest-assured-common-5.2.0.jar;C:\Users\eng_s\.m2\repository\io\rest-assured\xml-path\5.2.0\xml-path-5.2.0.jar;C:\Users\eng_s\.m2\repository\org\seleniumhq\selenium\selenium-java\4.35.0\selenium-java-4.35.0.jar;C:\Users\eng_s\.m2\repository\org\seleniumhq\selenium\selenium-api\4.35.0\selenium-api-4.35.0.jar;C:\Users\eng_s\.m2\repository\org\jspecify\jspecify\1.0.0\jspecify-1.0.0.jar;C:\Users\eng_s\.m2\repository\org\seleniumhq\selenium\selenium-chrome-driver\4.35.0\selenium-chrome-driver-4.35.0.jar;C:\Users\eng_s\.m2\repository\com\google\auto\service\auto-service-annotations\1.1.1\auto-service-annotations-1.1.1.jar;C:\Users\eng_s\.m2\repository\org\seleniumhq\selenium\selenium-chromium-driver\4.35.0\selenium-chromium-driver-4.35.0.jar;C:\Users\eng_s\.m2\repository\org\seleniumhq\selenium\selenium-json\4.35.0\selenium-json-4.35.0.jar;C:\Users\eng_s\.m2\repository\org\seleniumhq\selenium\selenium-manager\4.35.0\selenium-manager-4.35.0.jar;C:\Users\eng_s\.m2\repository\org\seleniumhq\selenium\selenium-devtools-v137\4.35.0\selenium-devtools-v137-4.35.0.jar;C:\Users\eng_s\.m2\repository\org\seleniumhq\selenium\selenium-devtools-v138\4.35.0\selenium-devtools-v138-4.35.0.jar;C:\Users\eng_s\.m2\repository\org\seleniumhq\selenium\selenium-devtools-v139\4.35.0\selenium-devtools-v139-4.35.0.jar;C:\Users\eng_s\.m2\repository\org\seleniumhq\selenium\selenium-edge-driver\4.35.0\selenium-edge-driver-4.35.0.jar;C:\Users\eng_s\.m2\repository\org\seleniumhq\selenium\selenium-firefox-driver\4.35.0\selenium-firefox-driver-4.35.0.jar;C:\Users\eng_s\.m2\repository\org\seleniumhq\selenium\selenium-http\4.35.0\selenium-http-4.35.0.jar;C:\Users\eng_s\.m2\repository\org\seleniumhq\selenium\selenium-ie-driver\4.35.0\selenium-ie-driver-4.35.0.jar;C:\Users\eng_s\.m2\repository\org\seleniumhq\selenium\selenium-remote-driver\4.35.0\selenium-remote-driver-4.35.0.jar;C:\Users\eng_s\.m2\repository\io\opentelemetry\opentelemetry-api\1.53.0\opentelemetry-api-1.53.0.jar;C:\Users\eng_s\.m2\repository\io\opentelemetry\opentelemetry-context\1.53.0\opentelemetry-context-1.53.0.jar;C:\Users\eng_s\.m2\repository\io\opentelemetry\opentelemetry-common\1.53.0\opentelemetry-common-1.53.0.jar;C:\Users\eng_s\.m2\repository\io\opentelemetry\opentelemetry-exporter-logging\1.53.0\opentelemetry-exporter-logging-1.53.0.jar;C:\Users\eng_s\.m2\repository\io\opentelemetry\opentelemetry-sdk-common\1.53.0\opentelemetry-sdk-common-1.53.0.jar;C:\Users\eng_s\.m2\repository\io\opentelemetry\opentelemetry-sdk-extension-autoconfigure-spi\1.53.0\opentelemetry-sdk-extension-autoconfigure-spi-1.53.0.jar;C:\Users\eng_s\.m2\repository\io\opentelemetry\opentelemetry-sdk-extension-autoconfigure\1.53.0\opentelemetry-sdk-extension-autoconfigure-1.53.0.jar;C:\Users\eng_s\.m2\repository\io\opentelemetry\opentelemetry-sdk-trace\1.53.0\opentelemetry-sdk-trace-1.53.0.jar;C:\Users\eng_s\.m2\repository\io\opentelemetry\opentelemetry-sdk\1.53.0\opentelemetry-sdk-1.53.0.jar;C:\Users\eng_s\.m2\repository\io\opentelemetry\opentelemetry-sdk-metrics\1.53.0\opentelemetry-sdk-metrics-1.53.0.jar;C:\Users\eng_s\.m2\repository\io\opentelemetry\opentelemetry-sdk-logs\1.53.0\opentelemetry-sdk-logs-1.53.0.jar;C:\Users\eng_s\.m2\repository\net\bytebuddy\byte-buddy\1.17.6\byte-buddy-1.17.6.jar;C:\Users\eng_s\.m2\repository\org\seleniumhq\selenium\selenium-os\4.35.0\selenium-os-4.35.0.jar;C:\Users\eng_s\.m2\repository\org\apache\commons\commons-exec\1.5.0\commons-exec-1.5.0.jar;C:\Users\eng_s\.m2\repository\org\seleniumhq\selenium\selenium-safari-driver\4.35.0\selenium-safari-driver-4.35.0.jar;C:\Users\eng_s\.m2\repository\org\seleniumhq\selenium\selenium-support\4.35.0\selenium-support-4.35.0.jar;C:\Users\eng_s\.m2\repository\io\github\bonigarcia\webdrivermanager\5.3.0\webdrivermanager-5.3.0.jar;C:\Users\eng_s\.m2\repository\com\google\code\gson\gson\2.9.1\gson-2.9.1.jar;C:\Users\eng_s\.m2\repository\com\github\docker-java\docker-java-transport-httpclient5\3.2.13\docker-java-transport-httpclient5-3.2.13.jar;C:\Users\eng_s\.m2\repository\com\github\docker-java\docker-java-transport\3.2.13\docker-java-transport-3.2.13.jar;C:\Users\eng_s\.m2\repository\net\java\dev\jna\jna\5.8.0\jna-5.8.0.jar;C:\Users\eng_s\.m2\repository\org\brotli\dec\0.1.2\dec-0.1.2.jar;C:\Users\eng_s\.m2\repository\org\apache\httpcomponents\client5\httpclient5\5.1.3\httpclient5-5.1.3.jar;C:\Users\eng_s\.m2\repository\org\apache\httpcomponents\core5\httpcore5\5.1.3\httpcore5-5.1.3.jar;C:\Users\eng_s\.m2\repository\org\apache\httpcomponents\core5\httpcore5-h2\5.1.3\httpcore5-h2-5.1.3.jar;C:\Users\eng_s\.m2\repository\com\google\guava\guava\31.1-jre\guava-31.1-jre.jar;C:\Users\eng_s\.m2\repository\com\google\guava\failureaccess\1.0.1\failureaccess-1.0.1.jar;C:\Users\eng_s\.m2\repository\com\google\guava\listenablefuture\9999.0-empty-to-avoid-conflict-with-guava\listenablefuture-9999.0-empty-to-avoid-conflict-with-guava.jar;C:\Users\eng_s\.m2\repository\com\google\code\findbugs\jsr305\3.0.2\jsr305-3.0.2.jar;C:\Users\eng_s\.m2\repository\org\checkerframework\checker-qual\3.12.0\checker-qual-3.12.0.jar;C:\Users\eng_s\.m2\repository\com\google\errorprone\error_prone_annotations\2.11.0\error_prone_annotations-2.11.0.jar;C:\Users\eng_s\.m2\repository\com\google\j2objc\j2objc-annotations\1.3\j2objc-annotations-1.3.jar;C:\Users\eng_s\.m2\repository\io\cucumber\cucumber-java\7.8.1\cucumber-java-7.8.1.jar;C:\Users\eng_s\.m2\repository\org\apiguardian\apiguardian-api\1.1.2\apiguardian-api-1.1.2.jar;C:\Users\eng_s\.m2\repository\io\cucumber\cucumber-testng\7.8.1\cucumber-testng-7.8.1.jar;C:\Users\eng_s\.m2\repository\io\cucumber\cucumber-core\7.8.1\cucumber-core-7.8.1.jar;C:\Users\eng_s\.m2\repository\io\cucumber\cucumber-gherkin\7.8.1\cucumber-gherkin-7.8.1.jar;C:\Users\eng_s\.m2\repository\io\cucumber\cucumber-gherkin-messages\7.8.1\cucumber-gherkin-messages-7.8.1.jar;C:\Users\eng_s\.m2\repository\io\cucumber\gherkin\24.0.0\gherkin-24.0.0.jar;C:\Users\eng_s\.m2\repository\io\cucumber\messages\19.1.4\messages-19.1.4.jar;C:\Users\eng_s\.m2\repository\io\cucumber\tag-expressions\4.1.0\tag-expressions-4.1.0.jar;C:\Users\eng_s\.m2\repository\io\cucumber\cucumber-expressions\16.0.0\cucumber-expressions-16.0.0.jar;C:\Users\eng_s\.m2\repository\io\cucumber\datatable\7.8.1\datatable-7.8.1.jar;C:\Users\eng_s\.m2\repository\io\cucumber\cucumber-plugin\7.8.1\cucumber-plugin-7.8.1.jar;C:\Users\eng_s\.m2\repository\io\cucumber\docstring\7.8.1\docstring-7.8.1.jar;C:\Users\eng_s\.m2\repository\io\cucumber\html-formatter\20.1.0\html-formatter-20.1.0.jar;C:\Users\eng_s\.m2\repository\io\cucumber\ci-environment\9.1.0\ci-environment-9.1.0.jar;C:\Users\eng_s\.m2\repository\com\github\docker-java\docker-java\3.6.0\docker-java-3.6.0.jar;C:\Users\eng_s\.m2\repository\com\github\docker-java\docker-java-core\3.6.0\docker-java-core-3.6.0.jar;C:\Users\eng_s\.m2\repository\com\github\docker-java\docker-java-api\3.6.0\docker-java-api-3.6.0.jar;C:\Users\eng_s\.m2\repository\com\fasterxml\jackson\core\jackson-annotations\2.19.2\jackson-annotations-2.19.2.jar;C:\Users\eng_s\.m2\repository\commons-io\commons-io\2.20.0\commons-io-2.20.0.jar;C:\Users\eng_s\.m2\repository\org\apache\commons\commons-compress\1.28.0\commons-compress-1.28.0.jar;C:\Users\eng_s\.m2\repository\com\fasterxml\jackson\core\jackson-databind\2.19.2\jackson-databind-2.19.2.jar;C:\Users\eng_s\.m2\repository\com\fasterxml\jackson\core\jackson-core\2.19.2\jackson-core-2.19.2.jar;C:\Users\eng_s\.m2\repository\org\bouncycastle\bcpkix-jdk18on\1.81\bcpkix-jdk18on-1.81.jar;C:\Users\eng_s\.m2\repository\org\bouncycastle\bcutil-jdk18on\1.81\bcutil-jdk18on-1.81.jar;C:\Users\eng_s\.m2\repository\org\bouncycastle\bcprov-jdk18on\1.81\bcprov-jdk18on-1.81.jar;C:\Users\eng_s\.m2\repository\com\github\docker-java\docker-java-transport-jersey\3.6.0\docker-java-transport-jersey-3.6.0.jar;C:\Users\eng_s\.m2\repository\org\glassfish\jersey\connectors\jersey-apache-connector\2.47\jersey-apache-connector-2.47.jar;C:\Users\eng_s\.m2\repository\org\glassfish\jersey\core\jersey-common\2.47\jersey-common-2.47.jar;C:\Users\eng_s\.m2\repository\jakarta\annotation\jakarta.annotation-api\1.3.5\jakarta.annotation-api-1.3.5.jar;C:\Users\eng_s\.m2\repository\org\glassfish\hk2\osgi-resource-locator\1.0.3\osgi-resource-locator-1.0.3.jar;C:\Users\eng_s\.m2\repository\jakarta\ws\rs\jakarta.ws.rs-api\2.1.6\jakarta.ws.rs-api-2.1.6.jar;C:\Users\eng_s\.m2\repository\org\glassfish\jersey\core\jersey-client\2.47\jersey-client-2.47.jar;C:\Users\eng_s\.m2\repository\org\glassfish\hk2\external\jakarta.inject\2.6.1\jakarta.inject-2.6.1.jar;C:\Users\eng_s\.m2\repository\org\glassfish\jersey\inject\jersey-hk2\2.47\jersey-hk2-2.47.jar;C:\Users\eng_s\.m2\repository\org\glassfish\hk2\hk2-locator\2.6.1\hk2-locator-2.6.1.jar;C:\Users\eng_s\.m2\repository\org\glassfish\hk2\external\aopalliance-repackaged\2.6.1\aopalliance-repackaged-2.6.1.jar;C:\Users\eng_s\.m2\repository\org\glassfish\hk2\hk2-api\2.6.1\hk2-api-2.6.1.jar;C:\Users\eng_s\.m2\repository\org\glassfish\hk2\hk2-utils\2.6.1\hk2-utils-2.6.1.jar;C:\Users\eng_s\.m2\repository\org\javassist\javassist\3.30.2-GA\javassist-3.30.2-GA.jar;C:\Users\eng_s\.m2\repository\com\kohlschutter\junixsocket\junixsocket-common\2.10.1\junixsocket-common-2.10.1.jar;C:\Users\eng_s\.m2\repository\com\kohlschutter\junixsocket\junixsocket-native-common\2.10.1\junixsocket-native-common-2.10.1.jar;C:\Users\eng_s\.m2\repository\com\github\docker-java\docker-java-transport-netty\3.6.0\docker-java-transport-netty-3.6.0.jar;C:\Users\eng_s\.m2\repository\io\netty\netty-codec-http\4.2.4.Final\netty-codec-http-4.2.4.Final.jar;C:\Users\eng_s\.m2\repository\io\netty\netty-common\4.2.4.Final\netty-common-4.2.4.Final.jar;C:\Users\eng_s\.m2\repository\io\netty\netty-buffer\4.2.4.Final\netty-buffer-4.2.4.Final.jar;C:\Users\eng_s\.m2\repository\io\netty\netty-transport\4.2.4.Final\netty-transport-4.2.4.Final.jar;C:\Users\eng_s\.m2\repository\io\netty\netty-codec-base\4.2.4.Final\netty-codec-base-4.2.4.Final.jar;C:\Users\eng_s\.m2\repository\io\netty\netty-codec-compression\4.2.4.Final\netty-codec-compression-4.2.4.Final.jar;C:\Users\eng_s\.m2\repository\io\netty\netty-handler\4.2.4.Final\netty-handler-4.2.4.Final.jar;C:\Users\eng_s\.m2\repository\io\netty\netty-resolver\4.2.4.Final\netty-resolver-4.2.4.Final.jar;C:\Users\eng_s\.m2\repository\io\netty\netty-transport-native-unix-common\4.2.4.Final\netty-transport-native-unix-common-4.2.4.Final.jar;C:\Users\eng_s\.m2\repository\io\netty\netty-handler-proxy\4.2.4.Final\netty-handler-proxy-4.2.4.Final.jar;C:\Users\eng_s\.m2\repository\io\netty\netty-codec-socks\4.2.4.Final\netty-codec-socks-4.2.4.Final.jar;C:\Users\eng_s\.m2\repository\io\netty\netty-transport-native-epoll\4.2.4.Final\netty-transport-native-epoll-4.2.4.Final-linux-x86_64.jar;C:\Users\eng_s\.m2\repository\io\netty\netty-transport-classes-epoll\4.2.4.Final\netty-transport-classes-epoll-4.2.4.Final.jar;C:\Users\eng_s\.m2\repository\io\netty\netty-transport-native-kqueue\4.2.4.Final\netty-transport-native-kqueue-4.2.4.Final-osx-x86_64.jar;C:\Users\eng_s\.m2\repository\io\netty\netty-transport-classes-kqueue\4.2.4.Final\netty-transport-classes-kqueue-4.2.4.Final.jar;C:\Users\eng_s\.m2\repository\org\slf4j\jcl-over-slf4j\1.7.30\jcl-over-slf4j-1.7.30.jar;C:\Users\eng_s\.m2\repository\io\cucumber\cucumber-junit\7.8.1\cucumber-junit-7.8.1.jar;"/>
    <property name="sun.cpu.endian" value="little"/>
    <property name="user.home" value="C:\Users\eng_s"/>
    <property name="user.language" value="en"/>
    <property name="java.specification.vendor" value="Oracle Corporation"/>
    <property name="java.version.date" value="2021-09-14"/>
    <property name="java.home" value="C:\Program Files\Java\jdk-17"/>
    <property name="file.separator" value="\"/>
    <property name="basedir" value="d:\sara\APITask"/>
    <property name="java.vm.compressedOopsMode" value="Zero based"/>
    <property name="line.separator" value="&#10;"/>
    <property name="java.vm.specification.vendor" value="Oracle Corporation"/>
    <property name="java.specification.name" value="Java Platform API Specification"/>
    <property name="surefire.real.class.path" value="C:\Users\eng_s\AppData\Local\Temp\surefire1321128179036039113\surefirebooter11514289362631932640.jar"/>
    <property name="user.script" value=""/>
    <property name="sun.management.compiler" value="HotSpot 64-Bit Tiered Compilers"/>
    <property name="java.runtime.version" value="17+35-LTS-2724"/>
    <property name="user.name" value="eng_s"/>
    <property name="path.separator" value=";"/>
    <property name="os.version" value="10.0"/>
    <property name="java.runtime.name" value="Java(TM) SE Runtime Environment"/>
    <property name="file.encoding" value="Cp1252"/>
    <property name="java.vm.name" value="Java HotSpot(TM) 64-Bit Server VM"/>
    <property name="localRepository" value="C:\Users\eng_s\.m2\repository"/>
    <property name="java.vendor.url.bug" value="https://bugreport.java.com/bugreport/"/>
    <property name="java.io.tmpdir" value="C:\Users\eng_s\AppData\Local\Temp\"/>
    <property name="java.version" value="17"/>
    <property name="user.dir" value="d:\sara\APITask"/>
    <property name="os.arch" value="amd64"/>
    <property name="java.vm.specification.name" value="Java Virtual Machine Specification"/>
    <property name="sun.os.patch.level" value=""/>
    <property name="native.encoding" value="Cp1252"/>
    <property name="java.library.path" value="C:\Program Files\Java\jdk-17\bin;C:\WINDOWS\Sun\Java\bin;C:\WINDOWS\system32;C:\WINDOWS;D:\Microsoft VS Code\bin;C:\Python39\Scripts\;C:\Python39\;C:\Program Files\Common Files\Oracle\Java\javapath;C:\Python38\Scripts\;C:\Python38\;C:\Windows\system32;C:\Windows;C:\Windows\System32\Wbem;C:\Windows\System32\WindowsPowerShell\v1.0\;C:\Windows\System32\OpenSSH\;C:\Program Files (x86)\NVIDIA Corporation\PhysX\Common;C:\Program Files\NVIDIA Corporation\NVIDIA NvDLISR;C:\Program Files\Java\jdk-17\bin;C:\ProgramData\chocolatey\bin;C:\Program Files\apache-maven-3.6.3\bin;C:\Users\eng_s\AppData\Local\Android\Sdk\platform-tools;C:\Users\eng_s\AppData\Local\Android\Sdk\tools;C:\Users\eng_s\AppData\Local\Android\Sdk\tools\bin;C:\WINDOWS\system32;C:\WINDOWS;C:\WINDOWS\System32\Wbem;C:\WINDOWS\System32\WindowsPowerShell\v1.0\;C:\WINDOWS\System32\OpenSSH\;C:\Program Files\dotnet\;C:\Program Files\Microsoft SQL Server\130\Tools\Binn\;C:\ffmpeg-4.4-essentials_build\bin;C:\cmake-3.21.1-windows-x86_64\bin;C:\Users\eng_s\Desktop\bundletool-1.7.0.jar;C:\gstreamer\x86_64\bin;C:\gstreamer\x86_64\lib\gstreamer-1.0;C:\Program Files\Dart\dart-sdk\bin;C:\Program Files\nodejs\;D:\Microsoft VS Code\bin;C:\Program Files\Git\cmd;c:\Users\eng_s\AppData\Local\Programs\cursor\resources\app\bin;C:\Program Files\Docker\Docker\resources\bin;C:\Users\eng_s\AppData\Local\Microsoft\WindowsApps;C:\Users\eng_s\AppData\Local\GitHubDesktop\bin;C:\Users\eng_s\AppData\Local\Microsoft\WindowsApps;C:\Users\eng_s\.dotnet\tools;C:\tools\dart-sdk\bin;C:\Users\eng_s\AppData\Roaming\Pub\Cache\bin;;C:\Users\eng_s\AppData\Local\Programs\Fiddler;C:\Users\eng_s\AppData\Roaming\npm;C:\Users\eng_s\AppData\Local\Programs\cursor\resources\app\bin;C:\Users\eng_s\AppData\Local\Programs\Microsoft VS Code Insiders\bin;."/>
    <property name="java.vm.info" value="mixed mode, sharing"/>
    <property name="java.vendor" value="Oracle Corporation"/>
    <property name="java.vm.version" value="17+35-LTS-2724"/>
    <property name="sun.io.unicode.encoding" value="UnicodeLittle"/>
    <property name="java.class.version" value="61.0"/>
  </properties>
  <testcase name="DeleteBook_InvalidIdFormat" classname="com.example.Delete" time="8.108"/>
  <testcase name="DeleteBook_ValidId" classname="com.example.Delete" time="1.688"/>
  <testcase name="GetBooks_InvalidEndpoint" classname="com.example.Get" time="1.84"/>
  <testcase name="GetBooks_Valid" classname="com.example.Get" time="3.869"/>
  <testcase name="GetBookById_InvalidIdFormat" classname="com.example.GetId" time="0.017"/>
  <testcase name="GetBookById_NonExistentId" classname="com.example.GetId" time="0"/>
  <testcase name="GetBookById_Valid" classname="com.example.GetId" time="0.671"/>
  <testcase name="PostBook_MissingFields" classname="com.example.Post" time="0.36"/>
  <testcase name="PostBook_Valid" classname="com.example.Post" time="0.403"/>
  <testcase name="PutBook_MissingFields" classname="com.example.Put" time="0.348"/>
  <testcase name="PutBook_Valid" classname="com.example.Put" time="0.372"/>
</testsuite>