<?xml version="1.0" encoding="UTF-8"?>
<!-- Generated by org.testng.reporters.JUnitReportReporter -->
<testsuite hostname="LAPTOP-P620LIN7" failures="0" tests="3" name="com.example.GetId" time="2.562" errors="0" timestamp="2025-08-29T09:12:54 EET" skipped="0">
  <testcase classname="com.example.GetId" name="GetBookById_NonExistentId" time="0.918"/>
  <testcase classname="com.example.GetId" name="GetBookById_InvalidIdFormat" time="0.922"/>
  <testcase classname="com.example.GetId" name="GetBookById_Valid" time="0.722"/>
</testsuite> <!-- com.example.GetId -->
