<?xml version="1.0" encoding="UTF-8"?>
<!-- Generated by org.testng.reporters.JUnitReportReporter -->
<testsuite hostname="LAPTOP-P620LIN7" failures="0" tests="2" name="com.example.Get" time="3.802" errors="0" timestamp="2025-08-29T09:12:54 EET" skipped="0">
  <testcase classname="com.example.Get" name="GetBooks_Valid" time="1.971"/>
  <testcase classname="com.example.Get" name="GetBooks_InvalidEndpoint" time="1.831"/>
</testsuite> <!-- com.example.Get -->
