<?xml version="1.0" encoding="UTF-8"?>
<!-- Generated by org.testng.reporters.JUnitReportReporter -->
<testsuite hostname="LAPTOP-P620LIN7" failures="0" tests="2" name="com.example.Delete" time="9.792" errors="0" timestamp="2025-08-29T09:12:54 EET" skipped="0">
  <testcase classname="com.example.Delete" name="DeleteBook_ValidId" time="1.692"/>
  <testcase classname="com.example.Delete" name="DeleteBook_InvalidIdFormat" time="8.100"/>
</testsuite> <!-- com.example.Delete -->
