<?xml version="1.0" encoding="UTF-8"?>
<!-- Generated by org.testng.reporters.JUnitReportReporter -->
<testsuite hostname="LAPTOP-P620LIN7" failures="0" tests="3" name="com.example.GetId" time="1.452" errors="0" timestamp="2025-08-28T16:44:02 EET" skipped="0">
  <testcase classname="com.example.GetId" name="GetBookById_NonExistentId" time="0.472"/>
  <testcase classname="com.example.GetId" name="GetBookById_Valid" time="0.385"/>
  <testcase classname="com.example.GetId" name="GetBookById_InvalidIdFormat" time="0.595"/>
</testsuite> <!-- com.example.GetId -->
