<?xml version="1.0" encoding="UTF-8"?>
<!-- Generated by org.testng.reporters.JUnitReportReporter -->
<testsuite hostname="LAPTOP-P620LIN7" failures="0" tests="2" name="com.example.Post" time="0.768" errors="0" timestamp="2025-08-29T09:12:54 EET" skipped="0">
  <testcase classname="com.example.Post" name="PostBook_MissingFields" time="0.361"/>
  <testcase classname="com.example.Post" name="PostBook_Valid" time="0.407"/>
</testsuite> <!-- com.example.Post -->
