<?xml version="1.0" encoding="UTF-8"?>
<!-- Generated by org.testng.reporters.JUnitReportReporter -->
<testsuite hostname="LAPTOP-P620LIN7" failures="0" tests="2" name="com.example.Delete" time="2.817" errors="0" timestamp="2025-08-28T16:44:02 EET" skipped="0">
  <testcase classname="com.example.Delete" name="DeleteBook_InvalidIdFormat" time="2.180"/>
  <testcase classname="com.example.Delete" name="DeleteBook_ValidId" time="0.637"/>
</testsuite> <!-- com.example.Delete -->
