<?xml version="1.0" encoding="UTF-8"?>
<!-- Generated by org.testng.reporters.JUnitReportReporter -->
<testsuite hostname="LAPTOP-P620LIN7" failures="0" tests="2" name="com.example.Put" time="0.714" errors="0" timestamp="2025-08-29T09:12:54 EET" skipped="0">
  <testcase classname="com.example.Put" name="PutBook_Valid" time="0.366"/>
  <testcase classname="com.example.Put" name="PutBook_MissingFields" time="0.348"/>
</testsuite> <!-- com.example.Put -->
