<?xml version="1.0" encoding="UTF-8"?>
<!-- Generated by org.testng.reporters.JUnitReportReporter -->
<testsuite hostname="LAPTOP-P620LIN7" failures="0" tests="2" name="com.example.Put" time="0.502" errors="0" timestamp="2025-08-28T16:44:02 EET" skipped="0">
  <testcase classname="com.example.Put" name="PutBook_MissingFields" time="0.260"/>
  <testcase classname="com.example.Put" name="PutBook_Valid" time="0.242"/>
</testsuite> <!-- com.example.Put -->
