<?xml version="1.0" encoding="UTF-8"?>
<!-- Generated by org.testng.reporters.JUnitReportReporter -->
<testsuite hostname="LAPTOP-P620LIN7" failures="0" tests="2" name="com.example.Get" time="2.974" errors="0" timestamp="2025-08-28T16:44:02 EET" skipped="0">
  <testcase classname="com.example.Get" name="GetBooks_Valid" time="2.701"/>
  <testcase classname="com.example.Get" name="GetBooks_InvalidEndpoint" time="0.273"/>
</testsuite> <!-- com.example.Get -->
